<?xml version="1.0" encoding="UTF-8"?>
<!-- Generated by org.testng.reporters.JUnitReportReporter -->
<testsuite hostname="DESKTOP-44PTID5" failures="0" tests="1" name="Tests.Tests" time="18.817" errors="0" timestamp="2024-09-22T11:50:13 IST" skipped="0">
  <testcase classname="Tests.Tests" name="loginTest" time="18.817"/>
  <system-out/>
</testsuite> <!-- Tests.Tests -->
